E:\VISUAL STUDIO练习\C-\贪吃蛇\DEBUG\WINMAIN.OBJ
E:\VISUAL STUDIO练习\C-\贪吃蛇\DEBUG\VC110.PDB
E:\VISUAL STUDIO练习\C-\贪吃蛇\DEBUG\贪吃蛇.ILK
E:\VISUAL STUDIO练习\C-\贪吃蛇\DEBUG\贪吃蛇.EXE
E:\VISUAL STUDIO练习\C-\贪吃蛇\DEBUG\贪吃蛇.PDB
E:\VISUAL STUDIO练习\C-\贪吃蛇\DEBUG\贪吃蛇.RES
E:\Visual Studio练习\C-\贪吃蛇\Debug\WinMain.obj
E:\Visual Studio练习\C-\贪吃蛇\Debug\贪吃蛇.ilk
E:\Visual Studio练习\C-\贪吃蛇\Debug\cl.command.1.tlog
E:\Visual Studio练习\C-\贪吃蛇\Debug\CL.read.1.tlog
E:\Visual Studio练习\C-\贪吃蛇\Debug\CL.write.1.tlog
E:\Visual Studio练习\C-\贪吃蛇\Debug\link-cvtres.read.1.tlog
E:\Visual Studio练习\C-\贪吃蛇\Debug\link-cvtres.write.1.tlog
E:\Visual Studio练习\C-\贪吃蛇\Debug\link-rc.read.1.tlog
E:\Visual Studio练习\C-\贪吃蛇\Debug\link-rc.write.1.tlog
E:\Visual Studio练习\C-\贪吃蛇\Debug\link.command.1.tlog
E:\Visual Studio练习\C-\贪吃蛇\Debug\link.read.1.tlog
E:\Visual Studio练习\C-\贪吃蛇\Debug\link.write.1.tlog
E:\Visual Studio练习\C-\贪吃蛇\Debug\rc.command.1.tlog
E:\Visual Studio练习\C-\贪吃蛇\Debug\rc.read.1.tlog
E:\Visual Studio练习\C-\贪吃蛇\Debug\rc.write.1.tlog
E:\Visual Studio练习\C-\贪吃蛇\Debug\贪吃蛇.res
E:\Visual Studio练习\C-\贪吃蛇\Debug\vc110.idb
E:\Visual Studio练习\C-\贪吃蛇\Debug\vc110.pdb
E:\Visual Studio练习\C-\贪吃蛇\Debug\贪吃蛇.pdb
E:\Visual Studio练习\C-\贪吃蛇\Debug\贪吃蛇.exe
