E:\VISUAL STUDIO练习\寒假练习\字符串插入\DEBUG\字符串插入.OBJ
E:\VISUAL STUDIO练习\寒假练习\字符串插入\DEBUG\VC110.PDB
E:\VISUAL STUDIO练习\寒假练习\字符串插入\DEBUG\字符串插入.ILK
E:\VISUAL STUDIO练习\寒假练习\字符串插入\DEBUG\字符串插入.EXE
E:\VISUAL STUDIO练习\寒假练习\字符串插入\DEBUG\字符串插入.PDB
E:\Visual Studio练习\寒假练习\字符串插入\Debug\字符串插入.obj
E:\Visual Studio练习\寒假练习\字符串插入\Debug\字符串插入.ilk
E:\Visual Studio练习\寒假练习\字符串插入\Debug\cl.command.1.tlog
E:\Visual Studio练习\寒假练习\字符串插入\Debug\CL.read.1.tlog
E:\Visual Studio练习\寒假练习\字符串插入\Debug\CL.write.1.tlog
E:\Visual Studio练习\寒假练习\字符串插入\Debug\link-cvtres.read.1.tlog
E:\Visual Studio练习\寒假练习\字符串插入\Debug\link-cvtres.write.1.tlog
E:\Visual Studio练习\寒假练习\字符串插入\Debug\link-rc.read.1.tlog
E:\Visual Studio练习\寒假练习\字符串插入\Debug\link-rc.write.1.tlog
E:\Visual Studio练习\寒假练习\字符串插入\Debug\link.command.1.tlog
E:\Visual Studio练习\寒假练习\字符串插入\Debug\link.read.1.tlog
E:\Visual Studio练习\寒假练习\字符串插入\Debug\link.write.1.tlog
E:\Visual Studio练习\寒假练习\字符串插入\Debug\vc110.idb
E:\Visual Studio练习\寒假练习\字符串插入\Debug\vc110.pdb
E:\Visual Studio练习\寒假练习\字符串插入\Debug\字符串插入.pdb
E:\Visual Studio练习\寒假练习\字符串插入\Debug\字符串插入.exe
