E:\VISUAL STUDIO练习\C-\通讯录\DEBUG\通讯录.OBJ
E:\VISUAL STUDIO练习\C-\通讯录\DEBUG\VC110.PDB
E:\VISUAL STUDIO练习\C-\通讯录\DEBUG\通讯录.ILK
E:\VISUAL STUDIO练习\C-\通讯录\DEBUG\通讯录.EXE
E:\VISUAL STUDIO练习\C-\通讯录\DEBUG\通讯录.PDB
E:\Visual Studio练习\C-\通讯录\Debug\通讯录.obj
E:\Visual Studio练习\C-\通讯录\Debug\通讯录.ilk
E:\Visual Studio练习\C-\通讯录\Debug\cl.command.1.tlog
E:\Visual Studio练习\C-\通讯录\Debug\CL.read.1.tlog
E:\Visual Studio练习\C-\通讯录\Debug\CL.write.1.tlog
E:\Visual Studio练习\C-\通讯录\Debug\link-cvtres.read.1.tlog
E:\Visual Studio练习\C-\通讯录\Debug\link-cvtres.write.1.tlog
E:\Visual Studio练习\C-\通讯录\Debug\link-rc.read.1.tlog
E:\Visual Studio练习\C-\通讯录\Debug\link-rc.write.1.tlog
E:\Visual Studio练习\C-\通讯录\Debug\link.command.1.tlog
E:\Visual Studio练习\C-\通讯录\Debug\link.read.1.tlog
E:\Visual Studio练习\C-\通讯录\Debug\link.write.1.tlog
E:\Visual Studio练习\C-\通讯录\Debug\vc110.idb
E:\Visual Studio练习\C-\通讯录\Debug\vc110.pdb
E:\Visual Studio练习\C-\通讯录\Debug\通讯录.pdb
E:\Visual Studio练习\C-\通讯录\Debug\通讯录.exe
