E:\VISUAL STUDIO练习\C-\08链表插入删除\DEBUG\链表插入删除.OBJ
E:\VISUAL STUDIO练习\C-\08链表插入删除\DEBUG\VC110.PDB
E:\VISUAL STUDIO练习\C-\08链表插入删除\DEBUG\08链表插入删除.ILK
E:\VISUAL STUDIO练习\C-\08链表插入删除\DEBUG\08链表插入删除.EXE
E:\VISUAL STUDIO练习\C-\08链表插入删除\DEBUG\08链表插入删除.PDB
E:\Visual Studio练习\C-\08链表插入删除\Debug\链表插入删除.obj
E:\Visual Studio练习\C-\08链表插入删除\Debug\08链表插入删除.ilk
E:\Visual Studio练习\C-\08链表插入删除\Debug\cl.command.1.tlog
E:\Visual Studio练习\C-\08链表插入删除\Debug\CL.read.1.tlog
E:\Visual Studio练习\C-\08链表插入删除\Debug\CL.write.1.tlog
E:\Visual Studio练习\C-\08链表插入删除\Debug\link-cvtres.read.1.tlog
E:\Visual Studio练习\C-\08链表插入删除\Debug\link-cvtres.write.1.tlog
E:\Visual Studio练习\C-\08链表插入删除\Debug\link-rc.read.1.tlog
E:\Visual Studio练习\C-\08链表插入删除\Debug\link-rc.write.1.tlog
E:\Visual Studio练习\C-\08链表插入删除\Debug\link.command.1.tlog
E:\Visual Studio练习\C-\08链表插入删除\Debug\link.read.1.tlog
E:\Visual Studio练习\C-\08链表插入删除\Debug\link.write.1.tlog
E:\Visual Studio练习\C-\08链表插入删除\Debug\vc110.idb
E:\Visual Studio练习\C-\08链表插入删除\Debug\08链表插入删除.pdb
E:\Visual Studio练习\C-\08链表插入删除\Debug\vc110.pdb
E:\Visual Studio练习\C-\08链表插入删除\Debug\08链表插入删除.exe
