E:\VISUAL STUDIO练习\C-\二分查找\DEBUG\二分查找.OBJ
E:\VISUAL STUDIO练习\C-\二分查找\DEBUG\VC110.PDB
E:\VISUAL STUDIO练习\C-\二分查找\DEBUG\二分查找.ILK
E:\VISUAL STUDIO练习\C-\二分查找\DEBUG\二分查找.EXE
E:\VISUAL STUDIO练习\C-\二分查找\DEBUG\二分查找.PDB
E:\Visual Studio练习\C-\二分查找\Debug\二分查找.obj
E:\Visual Studio练习\C-\二分查找\Debug\二分查找.ilk
E:\Visual Studio练习\C-\二分查找\Debug\cl.command.1.tlog
E:\Visual Studio练习\C-\二分查找\Debug\CL.read.1.tlog
E:\Visual Studio练习\C-\二分查找\Debug\CL.write.1.tlog
E:\Visual Studio练习\C-\二分查找\Debug\link-cvtres.read.1.tlog
E:\Visual Studio练习\C-\二分查找\Debug\link-cvtres.write.1.tlog
E:\Visual Studio练习\C-\二分查找\Debug\link-rc.read.1.tlog
E:\Visual Studio练习\C-\二分查找\Debug\link-rc.write.1.tlog
E:\Visual Studio练习\C-\二分查找\Debug\link.command.1.tlog
E:\Visual Studio练习\C-\二分查找\Debug\link.read.1.tlog
E:\Visual Studio练习\C-\二分查找\Debug\link.write.1.tlog
E:\Visual Studio练习\C-\二分查找\Debug\vc110.idb
E:\Visual Studio练习\C-\二分查找\Debug\vc110.pdb
E:\Visual Studio练习\C-\二分查找\Debug\二分查找.pdb
E:\Visual Studio练习\C-\二分查找\Debug\二分查找.exe
