E:\VISUAL STUDIO练习\C-\字符串是否回文\DEBUG\字符串是否回文.OBJ
E:\VISUAL STUDIO练习\C-\字符串是否回文\DEBUG\VC110.PDB
E:\VISUAL STUDIO练习\C-\字符串是否回文\DEBUG\字符串是否回文.ILK
E:\VISUAL STUDIO练习\C-\字符串是否回文\DEBUG\字符串是否回文.EXE
E:\VISUAL STUDIO练习\C-\字符串是否回文\DEBUG\字符串是否回文.PDB
E:\Visual Studio练习\C-\字符串是否回文\Debug\字符串是否回文.obj
E:\Visual Studio练习\C-\字符串是否回文\Debug\字符串是否回文.ilk
E:\Visual Studio练习\C-\字符串是否回文\Debug\cl.command.1.tlog
E:\Visual Studio练习\C-\字符串是否回文\Debug\CL.read.1.tlog
E:\Visual Studio练习\C-\字符串是否回文\Debug\CL.write.1.tlog
E:\Visual Studio练习\C-\字符串是否回文\Debug\link-cvtres.read.1.tlog
E:\Visual Studio练习\C-\字符串是否回文\Debug\link-cvtres.write.1.tlog
E:\Visual Studio练习\C-\字符串是否回文\Debug\link-rc.read.1.tlog
E:\Visual Studio练习\C-\字符串是否回文\Debug\link-rc.write.1.tlog
E:\Visual Studio练习\C-\字符串是否回文\Debug\link.command.1.tlog
E:\Visual Studio练习\C-\字符串是否回文\Debug\link.read.1.tlog
E:\Visual Studio练习\C-\字符串是否回文\Debug\link.write.1.tlog
E:\Visual Studio练习\C-\字符串是否回文\Debug\vc110.idb
E:\Visual Studio练习\C-\字符串是否回文\Debug\vc110.pdb
E:\Visual Studio练习\C-\字符串是否回文\Debug\字符串是否回文.pdb
E:\Visual Studio练习\C-\字符串是否回文\Debug\字符串是否回文.exe
