E:\VISUAL STUDIO练习\C-\字符串反转\DEBUG\字符串反转.OBJ
E:\VISUAL STUDIO练习\C-\字符串反转\DEBUG\VC110.PDB
E:\VISUAL STUDIO练习\C-\字符串反转\DEBUG\字符串反转.ILK
E:\VISUAL STUDIO练习\C-\字符串反转\DEBUG\字符串反转.EXE
E:\VISUAL STUDIO练习\C-\字符串反转\DEBUG\字符串反转.PDB
E:\Visual Studio练习\C-\字符串反转\Debug\字符串反转.obj
E:\Visual Studio练习\C-\字符串反转\Debug\字符串反转.ilk
E:\Visual Studio练习\C-\字符串反转\Debug\cl.command.1.tlog
E:\Visual Studio练习\C-\字符串反转\Debug\CL.read.1.tlog
E:\Visual Studio练习\C-\字符串反转\Debug\CL.write.1.tlog
E:\Visual Studio练习\C-\字符串反转\Debug\link-cvtres.read.1.tlog
E:\Visual Studio练习\C-\字符串反转\Debug\link-cvtres.write.1.tlog
E:\Visual Studio练习\C-\字符串反转\Debug\link-rc.read.1.tlog
E:\Visual Studio练习\C-\字符串反转\Debug\link-rc.write.1.tlog
E:\Visual Studio练习\C-\字符串反转\Debug\link.command.1.tlog
E:\Visual Studio练习\C-\字符串反转\Debug\link.read.1.tlog
E:\Visual Studio练习\C-\字符串反转\Debug\link.write.1.tlog
E:\Visual Studio练习\C-\字符串反转\Debug\vc110.idb
E:\Visual Studio练习\C-\字符串反转\Debug\vc110.pdb
E:\Visual Studio练习\C-\字符串反转\Debug\字符串反转.pdb
E:\Visual Studio练习\C-\字符串反转\Debug\字符串反转.exe
